<?xml version="1.0" encoding="UTF-8"?>
<!-- Generated by org.testng.reporters.JUnitReportReporter -->
<testsuite hostname="IN-CTJWDK3" failures="0" tests="1" name="API_Automation.API_Automation_Project.ECommerceAPITest" time="8.055" errors="0" timestamp="2025-05-20T19:25:51 IST" skipped="0">
  <testcase classname="API_Automation.API_Automation_Project.ECommerceAPITest" name="ECommerceAppAPITest" time="8.055"/>
</testsuite> <!-- API_Automation.API_Automation_Project.ECommerceAPITest -->
