<?xml version="1.0" encoding="UTF-8"?>
<testsuite xmlns:xsi="http://www.w3.org/2001/XMLSchema-instance" xsi:noNamespaceSchemaLocation="https://maven.apache.org/surefire/maven-surefire-plugin/xsd/surefire-test-report-3.0.xsd" version="3.0" name="resources.TestDataBuild" time="0.702" tests="0" errors="0" skipped="0" failures="0">
  <properties>
    <property name="java.specification.version" value="17"/>
    <property name="sun.cpu.isalist" value="amd64"/>
    <property name="sun.jnu.encoding" value="Cp1252"/>
    <property name="java.class.path" value="C:\Users\omgoyal\API_Automation\API_Automation_Project\target\test-classes;C:\Users\omgoyal\API_Automation\API_Automation_Project\target\classes;C:\WINDOWS\system32\config\systemprofile\.m2\repository\org\testng\testng\7.11.0\testng-7.11.0.jar;C:\WINDOWS\system32\config\systemprofile\.m2\repository\org\slf4j\slf4j-api\2.0.16\slf4j-api-2.0.16.jar;C:\WINDOWS\system32\config\systemprofile\.m2\repository\org\jcommander\jcommander\1.83\jcommander-1.83.jar;C:\WINDOWS\system32\config\systemprofile\.m2\repository\org\webjars\jquery\3.7.1\jquery-3.7.1.jar;C:\WINDOWS\system32\config\systemprofile\.m2\repository\junit\junit\4.11\junit-4.11.jar;C:\WINDOWS\system32\config\systemprofile\.m2\repository\org\hamcrest\hamcrest-core\1.3\hamcrest-core-1.3.jar;C:\WINDOWS\system32\config\systemprofile\.m2\repository\org\seleniumhq\selenium\selenium-java\2.40.0\selenium-java-2.40.0.jar;C:\WINDOWS\system32\config\systemprofile\.m2\repository\org\seleniumhq\selenium\selenium-chrome-driver\2.40.0\selenium-chrome-driver-2.40.0.jar;C:\WINDOWS\system32\config\systemprofile\.m2\repository\org\seleniumhq\selenium\selenium-remote-driver\2.40.0\selenium-remote-driver-2.40.0.jar;C:\WINDOWS\system32\config\systemprofile\.m2\repository\cglib\cglib-nodep\2.1_3\cglib-nodep-2.1_3.jar;C:\WINDOWS\system32\config\systemprofile\.m2\repository\org\json\json\20080701\json-20080701.jar;C:\WINDOWS\system32\config\systemprofile\.m2\repository\org\seleniumhq\selenium\selenium-htmlunit-driver\2.40.0\selenium-htmlunit-driver-2.40.0.jar;C:\WINDOWS\system32\config\systemprofile\.m2\repository\net\sourceforge\htmlunit\htmlunit\2.13\htmlunit-2.13.jar;C:\WINDOWS\system32\config\systemprofile\.m2\repository\xalan\xalan\2.7.1\xalan-2.7.1.jar;C:\WINDOWS\system32\config\systemprofile\.m2\repository\xalan\serializer\2.7.1\serializer-2.7.1.jar;C:\WINDOWS\system32\config\systemprofile\.m2\repository\commons-collections\commons-collections\3.2.1\commons-collections-3.2.1.jar;C:\WINDOWS\system32\config\systemprofile\.m2\repository\net\sourceforge\htmlunit\htmlunit-core-js\2.13\htmlunit-core-js-2.13.jar;C:\WINDOWS\system32\config\systemprofile\.m2\repository\xerces\xercesImpl\2.11.0\xercesImpl-2.11.0.jar;C:\WINDOWS\system32\config\systemprofile\.m2\repository\xml-apis\xml-apis\1.4.01\xml-apis-1.4.01.jar;C:\WINDOWS\system32\config\systemprofile\.m2\repository\net\sourceforge\nekohtml\nekohtml\1.9.19\nekohtml-1.9.19.jar;C:\WINDOWS\system32\config\systemprofile\.m2\repository\net\sourceforge\cssparser\cssparser\0.9.11\cssparser-0.9.11.jar;C:\WINDOWS\system32\config\systemprofile\.m2\repository\org\w3c\css\sac\1.3\sac-1.3.jar;C:\WINDOWS\system32\config\systemprofile\.m2\repository\org\eclipse\jetty\jetty-websocket\8.1.12.v20130726\jetty-websocket-8.1.12.v20130726.jar;C:\WINDOWS\system32\config\systemprofile\.m2\repository\org\eclipse\jetty\jetty-util\8.1.12.v20130726\jetty-util-8.1.12.v20130726.jar;C:\WINDOWS\system32\config\systemprofile\.m2\repository\org\eclipse\jetty\jetty-io\8.1.12.v20130726\jetty-io-8.1.12.v20130726.jar;C:\WINDOWS\system32\config\systemprofile\.m2\repository\org\eclipse\jetty\jetty-http\8.1.12.v20130726\jetty-http-8.1.12.v20130726.jar;C:\WINDOWS\system32\config\systemprofile\.m2\repository\org\seleniumhq\selenium\selenium-firefox-driver\2.40.0\selenium-firefox-driver-2.40.0.jar;C:\WINDOWS\system32\config\systemprofile\.m2\repository\commons-io\commons-io\2.2\commons-io-2.2.jar;C:\WINDOWS\system32\config\systemprofile\.m2\repository\org\seleniumhq\selenium\selenium-ie-driver\2.40.0\selenium-ie-driver-2.40.0.jar;C:\WINDOWS\system32\config\systemprofile\.m2\repository\net\java\dev\jna\jna\3.4.0\jna-3.4.0.jar;C:\WINDOWS\system32\config\systemprofile\.m2\repository\net\java\dev\jna\platform\3.4.0\platform-3.4.0.jar;C:\WINDOWS\system32\config\systemprofile\.m2\repository\org\seleniumhq\selenium\selenium-safari-driver\2.40.0\selenium-safari-driver-2.40.0.jar;C:\WINDOWS\system32\config\systemprofile\.m2\repository\org\seleniumhq\selenium\selenium-support\2.40.0\selenium-support-2.40.0.jar;C:\WINDOWS\system32\config\systemprofile\.m2\repository\org\seleniumhq\selenium\selenium-api\2.40.0\selenium-api-2.40.0.jar;C:\WINDOWS\system32\config\systemprofile\.m2\repository\org\webbitserver\webbit\0.4.14\webbit-0.4.14.jar;C:\WINDOWS\system32\config\systemprofile\.m2\repository\io\netty\netty\3.5.2.Final\netty-3.5.2.Final.jar;C:\WINDOWS\system32\config\systemprofile\.m2\repository\com\opera\operadriver\1.5\operadriver-1.5.jar;C:\WINDOWS\system32\config\systemprofile\.m2\repository\com\opera\operalaunchers\1.1\operalaunchers-1.1.jar;C:\WINDOWS\system32\config\systemprofile\.m2\repository\com\google\protobuf\protobuf-java\2.4.1\protobuf-java-2.4.1.jar;C:\WINDOWS\system32\config\systemprofile\.m2\repository\com\google\guava\guava\14.0\guava-14.0.jar;C:\WINDOWS\system32\config\systemprofile\.m2\repository\commons-jxpath\commons-jxpath\1.3\commons-jxpath-1.3.jar;C:\WINDOWS\system32\config\systemprofile\.m2\repository\org\apache\commons\commons-exec\1.1\commons-exec-1.1.jar;C:\WINDOWS\system32\config\systemprofile\.m2\repository\org\ini4j\ini4j\0.5.2\ini4j-0.5.2.jar;C:\WINDOWS\system32\config\systemprofile\.m2\repository\com\github\detro\ghostdriver\phantomjsdriver\1.1.0\phantomjsdriver-1.1.0.jar;C:\WINDOWS\system32\config\systemprofile\.m2\repository\ru\stqa\selenium\webdriver-factory\1.0\webdriver-factory-1.0.jar;C:\WINDOWS\system32\config\systemprofile\.m2\repository\io\rest-assured\rest-assured\5.5.1\rest-assured-5.5.1.jar;C:\WINDOWS\system32\config\systemprofile\.m2\repository\org\apache\groovy\groovy\4.0.22\groovy-4.0.22.jar;C:\WINDOWS\system32\config\systemprofile\.m2\repository\org\apache\groovy\groovy-xml\4.0.22\groovy-xml-4.0.22.jar;C:\WINDOWS\system32\config\systemprofile\.m2\repository\org\apache\httpcomponents\httpclient\4.5.13\httpclient-4.5.13.jar;C:\WINDOWS\system32\config\systemprofile\.m2\repository\org\apache\httpcomponents\httpcore\4.4.13\httpcore-4.4.13.jar;C:\WINDOWS\system32\config\systemprofile\.m2\repository\commons-logging\commons-logging\1.2\commons-logging-1.2.jar;C:\WINDOWS\system32\config\systemprofile\.m2\repository\commons-codec\commons-codec\1.11\commons-codec-1.11.jar;C:\WINDOWS\system32\config\systemprofile\.m2\repository\org\apache\httpcomponents\httpmime\4.5.13\httpmime-4.5.13.jar;C:\WINDOWS\system32\config\systemprofile\.m2\repository\org\ccil\cowan\tagsoup\tagsoup\1.2.1\tagsoup-1.2.1.jar;C:\WINDOWS\system32\config\systemprofile\.m2\repository\io\rest-assured\json-path\5.5.1\json-path-5.5.1.jar;C:\WINDOWS\system32\config\systemprofile\.m2\repository\org\apache\groovy\groovy-json\4.0.22\groovy-json-4.0.22.jar;C:\WINDOWS\system32\config\systemprofile\.m2\repository\io\rest-assured\rest-assured-common\5.5.1\rest-assured-common-5.5.1.jar;C:\WINDOWS\system32\config\systemprofile\.m2\repository\io\rest-assured\xml-path\5.5.1\xml-path-5.5.1.jar;C:\WINDOWS\system32\config\systemprofile\.m2\repository\org\apache\commons\commons-lang3\3.16.0\commons-lang3-3.16.0.jar;C:\WINDOWS\system32\config\systemprofile\.m2\repository\io\cucumber\cucumber-java\7.22.1\cucumber-java-7.22.1.jar;C:\WINDOWS\system32\config\systemprofile\.m2\repository\io\cucumber\cucumber-core\7.22.1\cucumber-core-7.22.1.jar;C:\WINDOWS\system32\config\systemprofile\.m2\repository\io\cucumber\cucumber-gherkin\7.22.1\cucumber-gherkin-7.22.1.jar;C:\WINDOWS\system32\config\systemprofile\.m2\repository\io\cucumber\cucumber-gherkin-messages\7.22.1\cucumber-gherkin-messages-7.22.1.jar;C:\WINDOWS\system32\config\systemprofile\.m2\repository\io\cucumber\gherkin\32.1.1\gherkin-32.1.1.jar;C:\WINDOWS\system32\config\systemprofile\.m2\repository\io\cucumber\messages\27.2.0\messages-27.2.0.jar;C:\WINDOWS\system32\config\systemprofile\.m2\repository\io\cucumber\testng-xml-formatter\0.3.1\testng-xml-formatter-0.3.1.jar;C:\WINDOWS\system32\config\systemprofile\.m2\repository\io\cucumber\query\13.2.0\query-13.2.0.jar;C:\WINDOWS\system32\config\systemprofile\.m2\repository\io\cucumber\tag-expressions\6.1.2\tag-expressions-6.1.2.jar;C:\WINDOWS\system32\config\systemprofile\.m2\repository\io\cucumber\cucumber-expressions\18.0.1\cucumber-expressions-18.0.1.jar;C:\WINDOWS\system32\config\systemprofile\.m2\repository\io\cucumber\datatable\7.22.1\datatable-7.22.1.jar;C:\WINDOWS\system32\config\systemprofile\.m2\repository\io\cucumber\cucumber-plugin\7.22.1\cucumber-plugin-7.22.1.jar;C:\WINDOWS\system32\config\systemprofile\.m2\repository\io\cucumber\docstring\7.22.1\docstring-7.22.1.jar;C:\WINDOWS\system32\config\systemprofile\.m2\repository\io\cucumber\html-formatter\21.10.1\html-formatter-21.10.1.jar;C:\WINDOWS\system32\config\systemprofile\.m2\repository\io\cucumber\junit-xml-formatter\0.7.1\junit-xml-formatter-0.7.1.jar;C:\WINDOWS\system32\config\systemprofile\.m2\repository\io\cucumber\ci-environment\10.0.1\ci-environment-10.0.1.jar;C:\WINDOWS\system32\config\systemprofile\.m2\repository\org\apiguardian\apiguardian-api\1.1.2\apiguardian-api-1.1.2.jar;C:\WINDOWS\system32\config\systemprofile\.m2\repository\io\cucumber\cucumber-junit\7.22.1\cucumber-junit-7.22.1.jar;C:\WINDOWS\system32\config\systemprofile\.m2\repository\org\codehaus\groovy\groovy\3.0.24\groovy-3.0.24.jar;C:\WINDOWS\system32\config\systemprofile\.m2\repository\org\hamcrest\hamcrest\3.0\hamcrest-3.0.jar;C:\WINDOWS\system32\config\systemprofile\.m2\repository\com\fasterxml\jackson\core\jackson-databind\2.19.0\jackson-databind-2.19.0.jar;C:\WINDOWS\system32\config\systemprofile\.m2\repository\com\fasterxml\jackson\core\jackson-annotations\2.19.0\jackson-annotations-2.19.0.jar;C:\WINDOWS\system32\config\systemprofile\.m2\repository\com\fasterxml\jackson\core\jackson-core\2.19.0\jackson-core-2.19.0.jar;"/>
    <property name="java.vm.vendor" value="OpenLogic"/>
    <property name="sun.arch.data.model" value="64"/>
    <property name="user.variant" value=""/>
    <property name="java.vendor.url" value="https://openlogic.com/"/>
    <property name="user.timezone" value="Asia/Calcutta"/>
    <property name="os.name" value="Windows 11"/>
    <property name="java.vm.specification.version" value="17"/>
    <property name="sun.java.launcher" value="SUN_STANDARD"/>
    <property name="user.country" value="US"/>
    <property name="sun.boot.library.path" value="C:\Program Files\OpenLogic\jdk-17.0.14.7-hotspot\bin"/>
    <property name="sun.java.command" value="C:\Windows\Temp\surefire663498208737637570\surefirebooter18047174290546106583.jar C:\Windows\Temp\surefire663498208737637570 2025-05-20T19-25-37_357-jvmRun1 surefire2303784349136494525tmp surefire_615459387942344415029tmp"/>
    <property name="jdk.debug" value="release"/>
    <property name="surefire.test.class.path" value="C:\Users\omgoyal\API_Automation\API_Automation_Project\target\test-classes;C:\Users\omgoyal\API_Automation\API_Automation_Project\target\classes;C:\WINDOWS\system32\config\systemprofile\.m2\repository\org\testng\testng\7.11.0\testng-7.11.0.jar;C:\WINDOWS\system32\config\systemprofile\.m2\repository\org\slf4j\slf4j-api\2.0.16\slf4j-api-2.0.16.jar;C:\WINDOWS\system32\config\systemprofile\.m2\repository\org\jcommander\jcommander\1.83\jcommander-1.83.jar;C:\WINDOWS\system32\config\systemprofile\.m2\repository\org\webjars\jquery\3.7.1\jquery-3.7.1.jar;C:\WINDOWS\system32\config\systemprofile\.m2\repository\junit\junit\4.11\junit-4.11.jar;C:\WINDOWS\system32\config\systemprofile\.m2\repository\org\hamcrest\hamcrest-core\1.3\hamcrest-core-1.3.jar;C:\WINDOWS\system32\config\systemprofile\.m2\repository\org\seleniumhq\selenium\selenium-java\2.40.0\selenium-java-2.40.0.jar;C:\WINDOWS\system32\config\systemprofile\.m2\repository\org\seleniumhq\selenium\selenium-chrome-driver\2.40.0\selenium-chrome-driver-2.40.0.jar;C:\WINDOWS\system32\config\systemprofile\.m2\repository\org\seleniumhq\selenium\selenium-remote-driver\2.40.0\selenium-remote-driver-2.40.0.jar;C:\WINDOWS\system32\config\systemprofile\.m2\repository\cglib\cglib-nodep\2.1_3\cglib-nodep-2.1_3.jar;C:\WINDOWS\system32\config\systemprofile\.m2\repository\org\json\json\20080701\json-20080701.jar;C:\WINDOWS\system32\config\systemprofile\.m2\repository\org\seleniumhq\selenium\selenium-htmlunit-driver\2.40.0\selenium-htmlunit-driver-2.40.0.jar;C:\WINDOWS\system32\config\systemprofile\.m2\repository\net\sourceforge\htmlunit\htmlunit\2.13\htmlunit-2.13.jar;C:\WINDOWS\system32\config\systemprofile\.m2\repository\xalan\xalan\2.7.1\xalan-2.7.1.jar;C:\WINDOWS\system32\config\systemprofile\.m2\repository\xalan\serializer\2.7.1\serializer-2.7.1.jar;C:\WINDOWS\system32\config\systemprofile\.m2\repository\commons-collections\commons-collections\3.2.1\commons-collections-3.2.1.jar;C:\WINDOWS\system32\config\systemprofile\.m2\repository\net\sourceforge\htmlunit\htmlunit-core-js\2.13\htmlunit-core-js-2.13.jar;C:\WINDOWS\system32\config\systemprofile\.m2\repository\xerces\xercesImpl\2.11.0\xercesImpl-2.11.0.jar;C:\WINDOWS\system32\config\systemprofile\.m2\repository\xml-apis\xml-apis\1.4.01\xml-apis-1.4.01.jar;C:\WINDOWS\system32\config\systemprofile\.m2\repository\net\sourceforge\nekohtml\nekohtml\1.9.19\nekohtml-1.9.19.jar;C:\WINDOWS\system32\config\systemprofile\.m2\repository\net\sourceforge\cssparser\cssparser\0.9.11\cssparser-0.9.11.jar;C:\WINDOWS\system32\config\systemprofile\.m2\repository\org\w3c\css\sac\1.3\sac-1.3.jar;C:\WINDOWS\system32\config\systemprofile\.m2\repository\org\eclipse\jetty\jetty-websocket\8.1.12.v20130726\jetty-websocket-8.1.12.v20130726.jar;C:\WINDOWS\system32\config\systemprofile\.m2\repository\org\eclipse\jetty\jetty-util\8.1.12.v20130726\jetty-util-8.1.12.v20130726.jar;C:\WINDOWS\system32\config\systemprofile\.m2\repository\org\eclipse\jetty\jetty-io\8.1.12.v20130726\jetty-io-8.1.12.v20130726.jar;C:\WINDOWS\system32\config\systemprofile\.m2\repository\org\eclipse\jetty\jetty-http\8.1.12.v20130726\jetty-http-8.1.12.v20130726.jar;C:\WINDOWS\system32\config\systemprofile\.m2\repository\org\seleniumhq\selenium\selenium-firefox-driver\2.40.0\selenium-firefox-driver-2.40.0.jar;C:\WINDOWS\system32\config\systemprofile\.m2\repository\commons-io\commons-io\2.2\commons-io-2.2.jar;C:\WINDOWS\system32\config\systemprofile\.m2\repository\org\seleniumhq\selenium\selenium-ie-driver\2.40.0\selenium-ie-driver-2.40.0.jar;C:\WINDOWS\system32\config\systemprofile\.m2\repository\net\java\dev\jna\jna\3.4.0\jna-3.4.0.jar;C:\WINDOWS\system32\config\systemprofile\.m2\repository\net\java\dev\jna\platform\3.4.0\platform-3.4.0.jar;C:\WINDOWS\system32\config\systemprofile\.m2\repository\org\seleniumhq\selenium\selenium-safari-driver\2.40.0\selenium-safari-driver-2.40.0.jar;C:\WINDOWS\system32\config\systemprofile\.m2\repository\org\seleniumhq\selenium\selenium-support\2.40.0\selenium-support-2.40.0.jar;C:\WINDOWS\system32\config\systemprofile\.m2\repository\org\seleniumhq\selenium\selenium-api\2.40.0\selenium-api-2.40.0.jar;C:\WINDOWS\system32\config\systemprofile\.m2\repository\org\webbitserver\webbit\0.4.14\webbit-0.4.14.jar;C:\WINDOWS\system32\config\systemprofile\.m2\repository\io\netty\netty\3.5.2.Final\netty-3.5.2.Final.jar;C:\WINDOWS\system32\config\systemprofile\.m2\repository\com\opera\operadriver\1.5\operadriver-1.5.jar;C:\WINDOWS\system32\config\systemprofile\.m2\repository\com\opera\operalaunchers\1.1\operalaunchers-1.1.jar;C:\WINDOWS\system32\config\systemprofile\.m2\repository\com\google\protobuf\protobuf-java\2.4.1\protobuf-java-2.4.1.jar;C:\WINDOWS\system32\config\systemprofile\.m2\repository\com\google\guava\guava\14.0\guava-14.0.jar;C:\WINDOWS\system32\config\systemprofile\.m2\repository\commons-jxpath\commons-jxpath\1.3\commons-jxpath-1.3.jar;C:\WINDOWS\system32\config\systemprofile\.m2\repository\org\apache\commons\commons-exec\1.1\commons-exec-1.1.jar;C:\WINDOWS\system32\config\systemprofile\.m2\repository\org\ini4j\ini4j\0.5.2\ini4j-0.5.2.jar;C:\WINDOWS\system32\config\systemprofile\.m2\repository\com\github\detro\ghostdriver\phantomjsdriver\1.1.0\phantomjsdriver-1.1.0.jar;C:\WINDOWS\system32\config\systemprofile\.m2\repository\ru\stqa\selenium\webdriver-factory\1.0\webdriver-factory-1.0.jar;C:\WINDOWS\system32\config\systemprofile\.m2\repository\io\rest-assured\rest-assured\5.5.1\rest-assured-5.5.1.jar;C:\WINDOWS\system32\config\systemprofile\.m2\repository\org\apache\groovy\groovy\4.0.22\groovy-4.0.22.jar;C:\WINDOWS\system32\config\systemprofile\.m2\repository\org\apache\groovy\groovy-xml\4.0.22\groovy-xml-4.0.22.jar;C:\WINDOWS\system32\config\systemprofile\.m2\repository\org\apache\httpcomponents\httpclient\4.5.13\httpclient-4.5.13.jar;C:\WINDOWS\system32\config\systemprofile\.m2\repository\org\apache\httpcomponents\httpcore\4.4.13\httpcore-4.4.13.jar;C:\WINDOWS\system32\config\systemprofile\.m2\repository\commons-logging\commons-logging\1.2\commons-logging-1.2.jar;C:\WINDOWS\system32\config\systemprofile\.m2\repository\commons-codec\commons-codec\1.11\commons-codec-1.11.jar;C:\WINDOWS\system32\config\systemprofile\.m2\repository\org\apache\httpcomponents\httpmime\4.5.13\httpmime-4.5.13.jar;C:\WINDOWS\system32\config\systemprofile\.m2\repository\org\ccil\cowan\tagsoup\tagsoup\1.2.1\tagsoup-1.2.1.jar;C:\WINDOWS\system32\config\systemprofile\.m2\repository\io\rest-assured\json-path\5.5.1\json-path-5.5.1.jar;C:\WINDOWS\system32\config\systemprofile\.m2\repository\org\apache\groovy\groovy-json\4.0.22\groovy-json-4.0.22.jar;C:\WINDOWS\system32\config\systemprofile\.m2\repository\io\rest-assured\rest-assured-common\5.5.1\rest-assured-common-5.5.1.jar;C:\WINDOWS\system32\config\systemprofile\.m2\repository\io\rest-assured\xml-path\5.5.1\xml-path-5.5.1.jar;C:\WINDOWS\system32\config\systemprofile\.m2\repository\org\apache\commons\commons-lang3\3.16.0\commons-lang3-3.16.0.jar;C:\WINDOWS\system32\config\systemprofile\.m2\repository\io\cucumber\cucumber-java\7.22.1\cucumber-java-7.22.1.jar;C:\WINDOWS\system32\config\systemprofile\.m2\repository\io\cucumber\cucumber-core\7.22.1\cucumber-core-7.22.1.jar;C:\WINDOWS\system32\config\systemprofile\.m2\repository\io\cucumber\cucumber-gherkin\7.22.1\cucumber-gherkin-7.22.1.jar;C:\WINDOWS\system32\config\systemprofile\.m2\repository\io\cucumber\cucumber-gherkin-messages\7.22.1\cucumber-gherkin-messages-7.22.1.jar;C:\WINDOWS\system32\config\systemprofile\.m2\repository\io\cucumber\gherkin\32.1.1\gherkin-32.1.1.jar;C:\WINDOWS\system32\config\systemprofile\.m2\repository\io\cucumber\messages\27.2.0\messages-27.2.0.jar;C:\WINDOWS\system32\config\systemprofile\.m2\repository\io\cucumber\testng-xml-formatter\0.3.1\testng-xml-formatter-0.3.1.jar;C:\WINDOWS\system32\config\systemprofile\.m2\repository\io\cucumber\query\13.2.0\query-13.2.0.jar;C:\WINDOWS\system32\config\systemprofile\.m2\repository\io\cucumber\tag-expressions\6.1.2\tag-expressions-6.1.2.jar;C:\WINDOWS\system32\config\systemprofile\.m2\repository\io\cucumber\cucumber-expressions\18.0.1\cucumber-expressions-18.0.1.jar;C:\WINDOWS\system32\config\systemprofile\.m2\repository\io\cucumber\datatable\7.22.1\datatable-7.22.1.jar;C:\WINDOWS\system32\config\systemprofile\.m2\repository\io\cucumber\cucumber-plugin\7.22.1\cucumber-plugin-7.22.1.jar;C:\WINDOWS\system32\config\systemprofile\.m2\repository\io\cucumber\docstring\7.22.1\docstring-7.22.1.jar;C:\WINDOWS\system32\config\systemprofile\.m2\repository\io\cucumber\html-formatter\21.10.1\html-formatter-21.10.1.jar;C:\WINDOWS\system32\config\systemprofile\.m2\repository\io\cucumber\junit-xml-formatter\0.7.1\junit-xml-formatter-0.7.1.jar;C:\WINDOWS\system32\config\systemprofile\.m2\repository\io\cucumber\ci-environment\10.0.1\ci-environment-10.0.1.jar;C:\WINDOWS\system32\config\systemprofile\.m2\repository\org\apiguardian\apiguardian-api\1.1.2\apiguardian-api-1.1.2.jar;C:\WINDOWS\system32\config\systemprofile\.m2\repository\io\cucumber\cucumber-junit\7.22.1\cucumber-junit-7.22.1.jar;C:\WINDOWS\system32\config\systemprofile\.m2\repository\org\codehaus\groovy\groovy\3.0.24\groovy-3.0.24.jar;C:\WINDOWS\system32\config\systemprofile\.m2\repository\org\hamcrest\hamcrest\3.0\hamcrest-3.0.jar;C:\WINDOWS\system32\config\systemprofile\.m2\repository\com\fasterxml\jackson\core\jackson-databind\2.19.0\jackson-databind-2.19.0.jar;C:\WINDOWS\system32\config\systemprofile\.m2\repository\com\fasterxml\jackson\core\jackson-annotations\2.19.0\jackson-annotations-2.19.0.jar;C:\WINDOWS\system32\config\systemprofile\.m2\repository\com\fasterxml\jackson\core\jackson-core\2.19.0\jackson-core-2.19.0.jar;"/>
    <property name="sun.cpu.endian" value="little"/>
    <property name="user.home" value="C:\WINDOWS\system32\config\systemprofile"/>
    <property name="user.language" value="en"/>
    <property name="java.specification.vendor" value="Oracle Corporation"/>
    <property name="java.version.date" value="2025-01-21"/>
    <property name="java.home" value="C:\Program Files\OpenLogic\jdk-17.0.14.7-hotspot"/>
    <property name="file.separator" value="\"/>
    <property name="basedir" value="C:\Users\omgoyal\API_Automation\API_Automation_Project"/>
    <property name="java.vm.compressedOopsMode" value="Zero based"/>
    <property name="line.separator" value="&#10;"/>
    <property name="java.vm.specification.vendor" value="Oracle Corporation"/>
    <property name="java.specification.name" value="Java Platform API Specification"/>
    <property name="surefire.real.class.path" value="C:\Windows\Temp\surefire663498208737637570\surefirebooter18047174290546106583.jar"/>
    <property name="user.script" value=""/>
    <property name="sun.management.compiler" value="HotSpot 64-Bit Tiered Compilers"/>
    <property name="java.runtime.version" value="17.0.14+7-adhoc..jdk17u"/>
    <property name="user.name" value="IN-CTJWDK3$"/>
    <property name="path.separator" value=";"/>
    <property name="os.version" value="10.0"/>
    <property name="java.runtime.name" value="OpenJDK Runtime Environment"/>
    <property name="file.encoding" value="Cp1252"/>
    <property name="java.vm.name" value="OpenJDK 64-Bit Server VM"/>
    <property name="java.vendor.version" value="OpenLogic-OpenJDK"/>
    <property name="localRepository" value="C:\WINDOWS\system32\config\systemprofile\.m2\repository"/>
    <property name="cucumber.options" value="--tags @AddPlace"/>
    <property name="java.vendor.url.bug" value="https://techsupport.roguewave.com/"/>
    <property name="java.io.tmpdir" value="C:\WINDOWS\TEMP\"/>
    <property name="java.version" value="17.0.14"/>
    <property name="user.dir" value="C:\Users\omgoyal\API_Automation\API_Automation_Project"/>
    <property name="os.arch" value="amd64"/>
    <property name="java.vm.specification.name" value="Java Virtual Machine Specification"/>
    <property name="sun.os.patch.level" value=""/>
    <property name="native.encoding" value="Cp1252"/>
    <property name="java.library.path" value="C:\Program Files\OpenLogic\jdk-17.0.14.7-hotspot\bin;C:\WINDOWS\Sun\Java\bin;C:\WINDOWS\system32;C:\WINDOWS;C:\Software\apache-maven-3.9.9-bin\apache-maven-3.9.9/bin;C:\WINDOWS\system32;C:\WINDOWS;C:\WINDOWS\System32\Wbem;C:\WINDOWS\System32\WindowsPowerShell\v1.0\;C:\WINDOWS\System32\OpenSSH\;C:\Program Files\TortoiseSVN\bin;C:\Program Files\Git\cmd;C:\Program Files\Microsoft VS Code\bin;C:\apache-jmeter-5.6.3\bin;C:\Program Files (x86)\Microsoft SQL Server\150\DTS\Binn\;C:\Program Files\nodejs\;C:\WINDOWS\system32\config\systemprofile\AppData\Local\Microsoft\WindowsApps;."/>
    <property name="java.vm.info" value="mixed mode, sharing"/>
    <property name="java.vendor" value="OpenLogic"/>
    <property name="java.vm.version" value="17.0.14+7-adhoc..jdk17u"/>
    <property name="java.specification.maintenance.version" value="1"/>
    <property name="sun.io.unicode.encoding" value="UnicodeLittle"/>
    <property name="java.class.version" value="61.0"/>
  </properties>
</testsuite>