<?xml version="1.0" encoding="UTF-8"?>
<!-- Generated by org.testng.reporters.JUnitReportReporter -->
<testsuite hostname="IN-CTJWDK3" failures="0" tests="1" name="excelTestExample" time="0.606" errors="0" timestamp="2025-06-14T18:21:21 IST" skipped="0">
  <testcase classname="excelTestExample" name="testCaseExcel" time="0.606"/>
  <system-out/>
</testsuite> <!-- excelTestExample -->
