<?xml version="1.0" encoding="UTF-8"?>
<!-- Generated by org.testng.reporters.JUnitReportReporter -->
<testsuite hostname="IN-CTJWDK3" failures="0" tests="1" name="API_Automation.API_Automation_Project.OAuthTest" time="2.408" errors="0" timestamp="2025-05-08T18:28:29 IST" skipped="0">
  <testcase classname="API_Automation.API_Automation_Project.OAuthTest" name="oAuthtest" time="2.408"/>
  <system-out/>
</testsuite> <!-- API_Automation.API_Automation_Project.OAuthTest -->
