<?xml version="1.0" encoding="UTF-8"?>
<!-- Generated by org.testng.reporters.JUnitReportReporter -->
<testsuite hostname="IN-CTJWDK3" failures="0" tests="1" name="API_Automation.API_Automation_Project.GraphQL" time="5.975" errors="0" timestamp="2025-05-24T18:53:24 IST" skipped="0">
  <testcase classname="API_Automation.API_Automation_Project.GraphQL" name="GraphQLMutation" time="5.975"/>
  <system-out/>
</testsuite> <!-- API_Automation.API_Automation_Project.GraphQL -->
