<?xml version="1.0" encoding="UTF-8"?>
<!-- Generated by org.testng.reporters.JUnitReportReporter -->
<testsuite hostname="IN-CTJWDK3" failures="0" tests="3" name="API_Automation.API_Automation_Project.files.DynamicJson" time="2.489" errors="0" timestamp="2025-04-19T14:52:44 IST" skipped="0">
  <testcase classname="API_Automation.API_Automation_Project.files.DynamicJson" name="AddBook" time="0.212"/>
  <testcase classname="API_Automation.API_Automation_Project.files.DynamicJson" name="AddBook" time="0.212"/>
  <testcase classname="API_Automation.API_Automation_Project.files.DynamicJson" name="AddBook" time="2.065"/>
</testsuite> <!-- API_Automation.API_Automation_Project.files.DynamicJson -->
