<?xml version="1.0" encoding="UTF-8"?>
<!-- Generated by org.testng.reporters.JUnitReportReporter -->
<testsuite hostname="IN-CTJWDK3" failures="0" tests="1" name="API_Automation.API_Automation_Project.dataDrivenTest" time="0.596" errors="0" timestamp="2025-06-14T13:38:54 IST" skipped="0">
  <testcase classname="API_Automation.API_Automation_Project.dataDrivenTest" name="excelDriverTestCase" time="0.596"/>
  <system-out/>
</testsuite> <!-- API_Automation.API_Automation_Project.dataDrivenTest -->
