<?xml version="1.0" encoding="UTF-8"?>
<!-- Generated by org.testng.reporters.JUnitReportReporter -->
<testsuite hostname="IN-CTJWDK3" failures="0" tests="1" name="API_Automation.API_Automation_Project.SpecBuilderTest" time="2.979" errors="0" timestamp="2025-05-10T14:59:40 IST" skipped="0">
  <testcase classname="API_Automation.API_Automation_Project.SpecBuilderTest" name="serializationTest" time="2.979"/>
  <system-out/>
</testsuite> <!-- API_Automation.API_Automation_Project.SpecBuilderTest -->
