<?xml version="1.0" encoding="UTF-8"?>
<!-- Generated by org.testng.reporters.JUnitReportReporter -->
<testsuite hostname="IN-CTJWDK3" failures="0" tests="1" name="API_Automation.API_Automation_Project.OAuth2_0Test" time="2.898" errors="0" timestamp="2025-05-29T11:22:17 IST" skipped="0">
  <testcase classname="API_Automation.API_Automation_Project.OAuth2_0Test" name="OAuth2_0TestMethod" time="2.898"/>
  <system-out/>
</testsuite> <!-- API_Automation.API_Automation_Project.OAuth2_0Test -->
